C51 COMPILER V9.51   MGR_MCU                                                               12/27/2023 14:43:53 PAGE 1   


C51 COMPILER V9.51, COMPILATION OF MODULE MGR_MCU
OBJECT MODULE PLACED IN mgr_mcu.OBJ
COMPILER INVOKED BY: C:\Keil\C51\BIN\C51.exe mgr_mcu.c DB OE BR INTVECTOR(0X4000) INCDIR(c:\SiLabs\MCU\Inc)

line level    source

   1          #include "compiler_defs.h"
   2          #include "C8051F580_defs.h"
   3          #include "mgr_mcu.h"
   4          #include "drv_mcu.h"
   5          #include "drv_timer.h"
   6          #include "drv_i2c.h"
   7          
   8          void Init_McuTask(void) {
   9   1              SEG_XDATA U8    i;
  10   1              SFRPAGE = ACTIVE_PAGE;                  // Set SFR Page for PCA0
  11   1      
  12   1              PCA0MD &= (U8)(~0x40U);                 // Disable Watchdog Timer
  13   1              
  14   1              VDM0CN = 0x80U;                                 // low 1.75V VDD Monitor
  15   1      
  16   1              for (i = 0; i < 255U; i++){;}   // Wait 5us for initialization
  17   1      
  18   1              Osc_Init();             
  19   1              Port_Init();
  20   1              Exinterrupt_Init();
  21   1              Global_Timer_Init();
  22   1              EA = 1;                                         // Enable global interrupts
  23   1      }


MODULE INFORMATION:   STATIC OVERLAYABLE
   CODE SIZE        =     38    ----
   CONSTANT SIZE    =   ----    ----
   XDATA SIZE       =   ----       1
   PDATA SIZE       =   ----    ----
   DATA SIZE        =   ----    ----
   IDATA SIZE       =   ----    ----
   BIT SIZE         =   ----    ----
END OF MODULE INFORMATION.


C51 COMPILATION COMPLETE.  0 WARNING(S),  0 ERROR(S)
