C51 COMPILER V9.51   DRV_MCU                                                               10/30/2023 13:21:21 PAGE 1   


C51 COMPILER V9.51, COMPILATION OF MODULE DRV_MCU
OBJECT MODULE PLACED IN drv_mcu.OBJ
COMPILER INVOKED BY: C:\Keil\C51\BIN\C51.exe drv_mcu.c DB OE BR INTVECTOR(0X4000) INCDIR(c:\SiLabs\MCU\Inc)

line level    source

   1          #include "compiler_defs.h"
   2          #include "C8051F580_defs.h"
   3          #include "drv_mcu.h"
   4          
   5          void Osc_Init (void)
   6          {
   7   1              SFRPAGE   = CONFIG_PAGE;
   8   1              OSCICN    = 0xC7U;
   9   1              SFRPAGE   = ACTIVE_PAGE;
  10   1      }
  11          
  12          void Port_Init (void)
  13          {
  14   1          SFRPAGE   = CONFIG_PAGE;
  15   1          P0MDOUT   = 0x74;
  16   1          P2MDOUT   = 0x0B;
  17   1          P0SKIP    = 0x03;
  18   1          XBR0      = 0x06;
  19   1          XBR2      = 0x40;
  20   1          SFRPAGE   = ACTIVE_PAGE;
  21   1              LED_STATUS_ERROR = 0x00U;
  22   1              LED_STATUS_UPDOWNLOAD = 0x01U;
  23   1      }
  24          
  25          void Exinterrupt_Init(void)
  26          {
  27   1              SFRPAGE   = CONFIG_PAGE;
  28   1              TCON      = TCON | 0x05U;               // /INT0 and /INT1 are edge triggered
  29   1              //IT01CF        = 0x60U;                // INT0 = 1.7, INT1 = 1.6 Port
  30   1              EX1             = 0x01U;                // Enable /INT1 interrupts
  31   1              SFRPAGE   = ACTIVE_PAGE;
  32   1      }


MODULE INFORMATION:   STATIC OVERLAYABLE
   CODE SIZE        =     48    ----
   CONSTANT SIZE    =   ----    ----
   XDATA SIZE       =   ----    ----
   PDATA SIZE       =   ----    ----
   DATA SIZE        =   ----    ----
   IDATA SIZE       =   ----    ----
   BIT SIZE         =   ----    ----
END OF MODULE INFORMATION.


C51 COMPILATION COMPLETE.  0 WARNING(S),  0 ERROR(S)
