C51 COMPILER V9.60.7.0   MAIN                                                              07/15/2024 15:24:44 PAGE 1   


C51 COMPILER V9.60.7.0, COMPILATION OF MODULE MAIN
OBJECT MODULE PLACED IN .\Objects\main.obj
COMPILER INVOKED BY: C:\Keil\C51\BIN\C51.EXE main.c OMF2 OPTIMIZE(8,SPEED) BROWSE ORDER INTVECTOR(0X00BB) DEBUG PRINT(.\
                    -Listings\main.lst) TABS(2) OBJECT(.\Objects\main.obj)

line level    source

   1          #include <compiler_defs.h>             // Compiler declarations
   2          #include <C8051F580.h>
   3          //-----------------------------------------------------------------------------
   4          // Global CONSTANTS
   5          //-----------------------------------------------------------------------------
   6          #define SYSCLK       24000000        // SYSCLK frequency in Hz
   7          SBIT(SW7,     P1, 4);
   8          //-----------------------------------------------------------------------------
   9          // Function PROTOTYPES
  10          //-----------------------------------------------------------------------------
  11          U32 G_count = 0;
  12          void SYSTEM_Init (void);
  13          void PORT_Init (void);
  14          //-----------------------------------------------------------------------------
  15          // MAIN Routine
  16          //-----------------------------------------------------------------------------
  17          void (*PTR_FUNCTION)() = 0;
  18          U16 addr = 0 ;
  19          
  20          void main (void)
  21          {
  22   1        SFRPAGE = ACTIVE_PAGE;
  23   1        PCA0MD &= ~(1 << 6);                   // Disable the watchdog timer
  24   1        SYSTEM_Init();                        // Configure system clock
  25   1        PORT_Init ();                           // Initialize crossbar
  26   1         EA = 1;                                // Enable global interrupts
  27   1          if(SW7==0){
  28   2            PSW|= 0x02;
  29   2            PTR_FUNCTION=0x4000;
*** WARNING C196 IN LINE 29 OF main.c: mspace probably invalid
  30   2          }
  31   1          else{
  32   2            PSW&=~ 0x02;
  33   2            PTR_FUNCTION=0x6000;
*** WARNING C196 IN LINE 33 OF main.c: mspace probably invalid
  34   2          }
  35   1          PTR_FUNCTION();   
  36   1      }
  37          
  38          void SYSTEM_Init(void)
  39          {
  40   1         U8 SFRPAGE_save = SFRPAGE;
  41   1         SFRPAGE = CONFIG_PAGE;
  42   1         CLKSEL &= ~(3<< 0) ;       // choose internal oscillator   
  43   1         OSCICN |= (2<<6) | (7<<0); // congig clock internal oscillator devided by 1
  44   1         SFRPAGE = SFRPAGE_save;
  45   1      }
  46          void PORT_Init (void)
  47          {
  48   1         U8 SFRPAGE_save = SFRPAGE;
  49   1         SFRPAGE = CONFIG_PAGE;
  50   1          P1MDIN  |= (1<<4);    // P1.4 input digital
  51   1          P1SKIP  |= (1<<4);    // Skip P1.4
  52   1          XBR2    |= (1<<6);    // Enable crossbar and weak pull-ups
C51 COMPILER V9.60.7.0   MAIN                                                              07/15/2024 15:24:44 PAGE 2   

  53   1         SFRPAGE = SFRPAGE_save;
  54   1      }
  55          
  56          
  57          
  58          
  59          


MODULE INFORMATION:   STATIC OVERLAYABLE
   CODE SIZE        =     78    ----
   CONSTANT SIZE    =   ----    ----
   XDATA SIZE       =   ----    ----
   PDATA SIZE       =   ----    ----
   DATA SIZE        =      9    ----
   IDATA SIZE       =   ----    ----
   BIT SIZE         =   ----    ----
   EDATA SIZE       =   ----    ----
   HDATA SIZE       =   ----    ----
   XDATA CONST SIZE =   ----    ----
   FAR CONST SIZE   =   ----    ----
END OF MODULE INFORMATION.


C51 COMPILATION COMPLETE.  2 WARNING(S),  0 ERROR(S)
