C51 COMPILER V9.51   F50X_TARGET_APP_INFOBLOCK                                             10/30/2023 13:21:21 PAGE 1   


C51 COMPILER V9.51, COMPILATION OF MODULE F50X_TARGET_APP_INFOBLOCK
OBJECT MODULE PLACED IN F50x_Target_App_InfoBlock.OBJ
COMPILER INVOKED BY: C:\Keil\C51\BIN\C51.exe F50x_Target_App_InfoBlock.c DB OE BR INTVECTOR(0X4000) INCDIR(c:\SiLabs\MCU
                    -\Inc)

line level    source

   1          //-----------------------------------------------------------------------------
   2          // F50x_InfoBlock.c - CAN_BL - Target_BL_FW
   3          //-----------------------------------------------------------------------------
   4          // Copyright (C) 2009 Silicon Laboratories, Inc.
   5          // http://www.silabs.com
   6          //
   7          // Program Description:
   8          //
   9          // This file contains a set of bytes that will be placed as the last bytes of
  10          // the App FW. The locating is done by using the linker command line.
  11          //
  12          // Locate starting at address (63*1024-512-7-4) = 0xF9F5
  13          //
  14          // Target:         C8051F500
  15          // Tool chain:     Keil C51 8.0 / Keil EVAL C51
  16          // Command Line:   None
  17          //
  18          //
  19          // Release 1.0 / 18NOV2009 (PKC)
  20          //    -Initial Revision
  21          //
  22          //-----------------------------------------------------------------------------
  23          // Includes
  24          //-----------------------------------------------------------------------------
  25          #include "compiler_defs.h"
  26          #include "C8051F580_defs.h"
  27          
  28          const U8 code INFOBLOCK[4] = 
  29          {0x21,0x48,0x78,0x92};
  30          
  31          //-----------------------------------------------------------------------------
  32          // End Of File
  33          //-----------------------------------------------------------------------------


MODULE INFORMATION:   STATIC OVERLAYABLE
   CODE SIZE        =   ----    ----
   CONSTANT SIZE    =      4    ----
   XDATA SIZE       =   ----    ----
   PDATA SIZE       =   ----    ----
   DATA SIZE        =   ----    ----
   IDATA SIZE       =   ----    ----
   BIT SIZE         =   ----    ----
END OF MODULE INFORMATION.


C51 COMPILATION COMPLETE.  0 WARNING(S),  0 ERROR(S)
