C51 COMPILER V9.60.7.0   MAIN                                                              07/01/2024 17:00:06 PAGE 1   


C51 COMPILER V9.60.7.0, COMPILATION OF MODULE MAIN
OBJECT MODULE PLACED IN .\Objects\main.obj
COMPILER INVOKED BY: C:\Keil\C51\BIN\C51.EXE main.c LARGE OMF2 OPTIMIZE(8,SPEED) BROWSE ORDER INCDIR(.\driver\inc) DEBUG
                    - PRINT(.\Listings\main.lst) TABS(2) OBJECT(.\Objects\main.obj)

line level    source

   1          #include <compiler_defs.h>             // Compiler declarations
   2          #include <C8051F580.h>
   3          #include "F580_FlashPrimitives.h"
   4          #include "F580_FlashUtils.h"
   5          
   6          //-----------------------------------------------------------------------------
   7          // Global CONSTANTS
   8          //-----------------------------------------------------------------------------
   9          #define SYSCLK       24000000        // SYSCLK frequency in Hz
  10          SBIT(GREEN, SFR_P2, 1);
  11          //-----------------------------------------------------------------------------
  12          // Function PROTOTYPES
  13          //-----------------------------------------------------------------------------
  14          void OSCILLATOR_Init (void);
  15          void PORT_Init (void);
  16          //-----------------------------------------------------------------------------
  17          // MAIN Routine
  18          //-----------------------------------------------------------------------------
  19          void(*Function_poiter)() = 0;
  20          void main (void)
  21          {
  22   1        SFRPAGE = ACTIVE_PAGE;
  23   1        PCA0MD &= ~0x40;                    // Disable the watchdog timer
  24   1        
  25   1        SFRPAGE = CONFIG_PAGE;
  26   1        OSCICN = 0x87;
  27   1        SFRPAGE = ACTIVE_PAGE;
  28   1        
  29   1        PORT_Init();
  30   1        if(P1 == 0xFF)
  31   1        {
  32   2          FLASH_Copy_VTTB (0x0003, 0x4003, 187);
*** WARNING C196 IN LINE 32 OF main.c: mspace probably invalid
  33   2          Function_poiter = (void*)0x4000;
*** WARNING C196 IN LINE 33 OF main.c: mspace probably invalid
  34   2        }
  35   1        else
  36   1        {
  37   2          FLASH_Copy_VTTB (0x0003, 0x6003, 187);
*** WARNING C196 IN LINE 37 OF main.c: mspace probably invalid
  38   2          Function_poiter = (void*)0x6000;
*** WARNING C196 IN LINE 38 OF main.c: mspace probably invalid
  39   2        }
  40   1      
  41   1        Function_poiter();
  42   1        while (1)
  43   1        {
  44   2      //    if(P1 == 0xFB)
  45   2      //    {
  46   2      //      Function_poiter = (void*)0x10000;
  47   2      //    }
  48   2        }
  49   1      }
  50          
C51 COMPILER V9.60.7.0   MAIN                                                              07/01/2024 17:00:06 PAGE 2   

  51          void PORT_Init (void)
  52          {
  53   1        U8 SFRPAGE_save = SFRPAGE;
  54   1        SFRPAGE = CONFIG_PAGE;
  55   1      
  56   1        P1MDIN |= 0xFF;                    // Enable LED as a push-pull output
  57   1        P1SKIP  |= 0xFF;                    // Skip the LED pin on the crossbar
  58   1      
  59   1        P2MDOUT |= 0x07;                   
  60   1        P2SKIP  |= 0x07;                   
  61   1      
  62   1      
  63   1        XBR2     = 0x40;                    // Enable crossbar and weak pull-ups
  64   1      
  65   1        SFRPAGE = SFRPAGE_save;
  66   1      }
  67          


MODULE INFORMATION:   STATIC OVERLAYABLE
   CODE SIZE        =    131    ----
   CONSTANT SIZE    =   ----    ----
   XDATA SIZE       =      3    ----
   PDATA SIZE       =   ----    ----
   DATA SIZE        =   ----    ----
   IDATA SIZE       =   ----    ----
   BIT SIZE         =   ----    ----
   EDATA SIZE       =   ----    ----
   HDATA SIZE       =   ----    ----
   XDATA CONST SIZE =   ----    ----
   FAR CONST SIZE   =   ----    ----
END OF MODULE INFORMATION.


C51 COMPILATION COMPLETE.  4 WARNING(S),  0 ERROR(S)
