C51 COMPILER V9.51   MAIN                                                                  10/30/2023 13:21:20 PAGE 1   


C51 COMPILER V9.51, COMPILATION OF MODULE MAIN
OBJECT MODULE PLACED IN main.OBJ
COMPILER INVOKED BY: C:\Keil\C51\BIN\C51.exe main.c DB OE BR INTVECTOR(0X4000) INCDIR(c:\SiLabs\MCU\Inc)

line level    source

   1          #include "compiler_defs.h"
   2          #include "C8051F580_defs.h"
   3          #include "Global_Define.h"
   4          #include "mgr_mcu.h"
   5          #include "drv_mcu.h"
   6          #include "drv_timer.h"
   7          
   8          INTERRUPT_PROTO (TIMER2_ISR, INTERRUPT_TIMER2);
   9          
  10          extern SEG_XDATA tMsg_Global_Tick       g_Global_Tick_Msg;
  11          extern SEG_XDATA tMsg_Time_s            ga_tCAN_Time_Msg[TID_COUNT];
  12          
  13          int main() {
  14   1              SEG_XDATA U8 On_Time = 0x00U;
  15   1              
  16   1              Init_McuTask();
  17   1              
  18   1              Delay_Time_Set(TID_BLINK_TIMER, DT_BLINK_TIMER);
  19   1              
  20   1              LED_STATUS_ERROR = 0x00U;
  21   1              LED_STATUS_UPDOWNLOAD = 0x01U;
  22   1              
  23   1              while(1) {
  24   2                      On_Time = Delay_Time_Get(TID_BLINK_TIMER);
  25   2                      if(On_Time == TRUE) {
  26   3                              if(LED_STATUS_UPDOWNLOAD == 0x00U) {
  27   4                                      LED_STATUS_UPDOWNLOAD = 0x01U;
  28   4                              }
  29   3                              else {
  30   4                                      LED_STATUS_UPDOWNLOAD = 0x00U;
  31   4                              }
  32   3                              if(BUTTON == 0) {
  33   4                                      if(LED_STATUS_ERROR == 0x00U) {
  34   5                                              LED_STATUS_ERROR = 0x01U;
  35   5                                      }
  36   4                                      else {
  37   5                                              LED_STATUS_ERROR = 0x00U;
  38   5                                      }
  39   4                                      
  40   4                              }
  41   3                      }
  42   2              }
  43   1      
  44   1              return 0;
  45   1      }
  46          
  47          INTERRUPT(TIMER2_ISR, INTERRUPT_TIMER2)
  48          {
  49   1              SEG_XDATA U8 i = 0x00U;
  50   1              TF2H = 0x00U;
  51   1      
  52   1              g_Global_Tick_Msg.Tick_1ms++;
  53   1      
  54   1              if ( g_Global_Tick_Msg.Over_Set == FALSE)
  55   1              {
C51 COMPILER V9.51   MAIN                                                                  10/30/2023 13:21:20 PAGE 2   

  56   2                      if ( g_Global_Tick_Msg.Tick_1ms >= 0xFFFFU )
  57   2                      {
  58   3                              if ( g_Global_Tick_Msg.Tick_1ms >= g_Global_Tick_Msg.Limit )
  59   3                              {
  60   4                                      g_Global_Tick_Msg.Tick_1ms = (U32)0;
  61   4                                      for ( i = (U8)0; i <= TID_COUNT; i++)
  62   4                                      {
  63   5                                              ga_tCAN_Time_Msg[i].End_Time = (U32)0;
  64   5                                      }                               
  65   4                              }
  66   3                              else
  67   3                              {
  68   4                                      g_Global_Tick_Msg.Over_Set = TRUE;
  69   4                                      g_Global_Tick_Msg.Limit = (volatile U32)(g_Global_Tick_Msg.Limit - 0xFFFFU);
  70   4                              }
  71   3                      }
  72   2              }
  73   1              else
  74   1              {
  75   2                      g_Global_Tick_Msg.Limit--;
  76   2                      if ( g_Global_Tick_Msg.Limit <= (U8)0 )
  77   2                      {
  78   3                              g_Global_Tick_Msg.Tick_1ms = (U16)0;
  79   3                              g_Global_Tick_Msg.Over_Set = FALSE;
  80   3                              for ( i = 0; i <= TID_COUNT; i++)
  81   3                              {
  82   4                                      ga_tCAN_Time_Msg[i].End_Time -= ga_tCAN_Time_Msg[i].Cur_Time;
  83   4                              }
  84   3                      }
  85   2              }
  86   1      }


MODULE INFORMATION:   STATIC OVERLAYABLE
   CODE SIZE        =    489    ----
   CONSTANT SIZE    =   ----    ----
   XDATA SIZE       =   ----       2
   PDATA SIZE       =   ----    ----
   DATA SIZE        =   ----    ----
   IDATA SIZE       =   ----    ----
   BIT SIZE         =   ----    ----
END OF MODULE INFORMATION.


C51 COMPILATION COMPLETE.  0 WARNING(S),  0 ERROR(S)
