C51 COMPILER V9.51   MAIN                                                                  06/22/2024 14:41:58 PAGE 1   


C51 COMPILER V9.51, COMPILATION OF MODULE MAIN
OBJECT MODULE PLACED IN .\Objects\main.obj
COMPILER INVOKED BY: C:\Keil_v5\C51\BIN\C51.EXE ..\User\main.c OMF2 OPTIMIZE(8,SPEED) BROWSE ORDER INCDIR(..\User\Lib\In
                    -c) DEBUG SYMBOLS PRINT(.\Listings\main.lst) TABS(2) OBJECT(.\Objects\main.obj)

line level    source

   1          //-----------------------------------------------------------------------------
   2          // F580_Blinky.c
   3          //-----------------------------------------------------------------------------
   4          // Copyright (C) 2008 Silicon Laboratories, Inc.
   5          // http://www.silabs.com
   6          //
   7          // Program Description:
   8          //
   9          // This program flashes the green LED on the C8051F580 target board about
  10          // five times a second using the interrupt handler for Timer2.
  11          //
  12          //
  13          // How To Test:
  14          //
  15          // 1) Download code to the 'F580 target board
  16          // 2) Ensure that the P1.3 pins are shorted together on the J19 header
  17          // 3) Run the program.  If the LED flashes, the program is working
  18          //
  19          //
  20          // Target:         C8051F580 (C8051F580-TB)
  21          // Tool chain:     Raisonance / Keil / SDCC
  22          // Command Line:   None
  23          //
  24          // Release 1.1 / 11 MAR 2010 (GP)
  25          //    -Tested with Raisonance
  26          //
  27          // Release 1.0 / 21 JUL 2008 (ADT)
  28          //    - Initial Revision
  29          //
  30          //-----------------------------------------------------------------------------
  31          // Includes
  32          //-----------------------------------------------------------------------------
  33          //#include "si_toolchain.h"
  34          #include <compiler_defs.h>             // Compiler declarations
  35          //#include <C8051F580_defs.h>            // SFR declarations
  36          #include <C8051F580.h>
  37          #include "stdint.h"
  38          
  39          //-----------------------------------------------------------------------------
  40          // Global CONSTANTS
  41          //-----------------------------------------------------------------------------
  42          #define SYSCLK       24000000        // SYSCLK frequency in Hz
  43          SBIT(LED, SFR_P1, 3);                 // LED='1' means ON
  44          SBIT(GREEN, SFR_P2, 1);
  45          //-----------------------------------------------------------------------------
  46          // Function PROTOTYPES
  47          //-----------------------------------------------------------------------------
  48          uint32_t num = 0;
  49          void OSCILLATOR_Init (void);
  50          void PORT_Init (void);
  51          void TIMER2_Init (uint16_t counts);
  52          void delayms(int time);
  53          //-----------------------------------------------------------------------------
  54          // MAIN Routine
C51 COMPILER V9.51   MAIN                                                                  06/22/2024 14:41:58 PAGE 2   

  55          //-----------------------------------------------------------------------------
  56          void main (void)
  57          {
  58   1         SFRPAGE = ACTIVE_PAGE;
  59   1      
  60   1         PCA0MD &= ~0x40;                    // Disable the watchdog timer
  61   1      
  62   1         OSCILLATOR_Init();                 // Configure system clock
  63   1         PORT_Init ();                       // Initialize crossbar
  64   1         TIMER2_Init (SYSCLK / 12 / 1000);     // Init Timer2 to generate interrupts
  65   1      
  66   1         EA = 1;                             // Enable global interrupts
  67   1      
  68   1         while (1)
  69   1         {
  70   2               GREEN = !GREEN;
  71   2            //_nop_();
  72   2            delayms(1000);
  73   2         
  74   2         }                          // Spin forever
  75   1      }
  76          
  77          void OSCILLATOR_Init (void)
  78          {
  79   1         uint8_t SFRPAGE_save = SFRPAGE;
  80   1         SFRPAGE = CONFIG_PAGE;
  81   1      
  82   1         OSCICN = 0x87;
  83   1      
  84   1         SFRPAGE = SFRPAGE_save;
  85   1      }
  86          
  87          
  88          void PORT_Init (void)
  89          {
  90   1         uint8_t SFRPAGE_save = SFRPAGE;
  91   1         SFRPAGE = CONFIG_PAGE;
  92   1      
  93   1         P1MDOUT |= 0x08;                    // Enable LED as a push-pull output
  94   1         P1SKIP  |= 0x08;                    // Skip the LED pin on the crossbar
  95   1      
  96   1         P2MDOUT |= 0x07;                    
  97   1         P2SKIP  |= 0x07;                   
  98   1      
  99   1      
 100   1         XBR2     = 0x40;                    // Enable crossbar and weak pull-ups
 101   1      
 102   1         SFRPAGE = SFRPAGE_save;
 103   1      }
 104          
 105          
 106          void TIMER2_Init (uint16_t counts)
 107          {
 108   1         uint8_t SFRPAGE_save = SFRPAGE;
 109   1         SFRPAGE = ACTIVE_PAGE;
 110   1      
 111   1         TMR2CN  = 0x00;                     // Stop Timer2; Clear TF2;
 112   1                                             // use SYSCLK/12 as timebase
 113   1         CKCON  &= ~0x60;                    // Timer2 clocked based on T2XCLK;
 114   1      
 115   1         TMR2RL  = -counts;                  // Init reload values
 116   1         TMR2    = 0xFFFF;                   // Set to reload immediately
C51 COMPILER V9.51   MAIN                                                                  06/22/2024 14:41:58 PAGE 3   

 117   1         ET2     = 1;                        // Enable Timer2 interrupts
 118   1         TR2     = 1;                        // Start Timer2
 119   1      
 120   1         SFRPAGE = SFRPAGE_save;
 121   1      }
 122          
 123          INTERRUPT(Timer2_ISR, INTERRUPT_TIMER2)
 124          {
 125   1         TF2H = 0;                           // Clear Timer2 interrupt flag
 126   1         num++;
 127   1      }
 128          
 129          void delayms(int time)
 130          {
 131   1         //volatile int tmp = num;
 132   1         num = 0;
 133   1         while(num < time);
 134   1      }
C51 COMPILER V9.51   MAIN                                                                  06/22/2024 14:41:58 PAGE 4   

NAME                                    CLASS   MSPACE  TYPE    OFFSET  SIZE
====                                    =====   ======  ====    ======  ====


U8 . . . . . . . . . . . . . . . . . .  TYPEDEF  -----  U_CHAR   -----  1
U16. . . . . . . . . . . . . . . . . .  TYPEDEF  -----  U_INT    -----  2
U32. . . . . . . . . . . . . . . . . .  TYPEDEF  -----  U_LONG   -----  4
S8 . . . . . . . . . . . . . . . . . .  TYPEDEF  -----  CHAR     -----  1
S16. . . . . . . . . . . . . . . . . .  TYPEDEF  -----  INT      -----  2
S32. . . . . . . . . . . . . . . . . .  TYPEDEF  -----  LONG     -----  4
UU16 . . . . . . . . . . . . . . . . .  * TAG *  -----  UNION    -----  2
  U16. . . . . . . . . . . . . . . . .  MEMBER   -----  U_INT    0000H  2
  S16. . . . . . . . . . . . . . . . .  MEMBER   -----  INT      0000H  2
  U8 . . . . . . . . . . . . . . . . .  MEMBER   -----  ARRAY    0000H  2
  S8 . . . . . . . . . . . . . . . . .  MEMBER   -----  ARRAY    0000H  2
UU16 . . . . . . . . . . . . . . . . .  TYPEDEF  -----  UNION    -----  2
  U16. . . . . . . . . . . . . . . . .  MEMBER   -----  U_INT    0000H  2
  S16. . . . . . . . . . . . . . . . .  MEMBER   -----  INT      0000H  2
  U8 . . . . . . . . . . . . . . . . .  MEMBER   -----  ARRAY    0000H  2
  S8 . . . . . . . . . . . . . . . . .  MEMBER   -----  ARRAY    0000H  2
UU32 . . . . . . . . . . . . . . . . .  * TAG *  -----  UNION    -----  4
  U32. . . . . . . . . . . . . . . . .  MEMBER   -----  U_LONG   0000H  4
  S32. . . . . . . . . . . . . . . . .  MEMBER   -----  LONG     0000H  4
  UU16 . . . . . . . . . . . . . . . .  MEMBER   -----  ARRAY    0000H  4
  U16. . . . . . . . . . . . . . . . .  MEMBER   -----  ARRAY    0000H  4
  S16. . . . . . . . . . . . . . . . .  MEMBER   -----  ARRAY    0000H  4
  U8 . . . . . . . . . . . . . . . . .  MEMBER   -----  ARRAY    0000H  4
  S8 . . . . . . . . . . . . . . . . .  MEMBER   -----  ARRAY    0000H  4
UU32 . . . . . . . . . . . . . . . . .  TYPEDEF  -----  UNION    -----  4
  U32. . . . . . . . . . . . . . . . .  MEMBER   -----  U_LONG   0000H  4
  S32. . . . . . . . . . . . . . . . .  MEMBER   -----  LONG     0000H  4
  UU16 . . . . . . . . . . . . . . . .  MEMBER   -----  ARRAY    0000H  4
  U16. . . . . . . . . . . . . . . . .  MEMBER   -----  ARRAY    0000H  4
  S16. . . . . . . . . . . . . . . . .  MEMBER   -----  ARRAY    0000H  4
  U8 . . . . . . . . . . . . . . . . .  MEMBER   -----  ARRAY    0000H  4
  S8 . . . . . . . . . . . . . . . . .  MEMBER   -----  ARRAY    0000H  4
P0 . . . . . . . . . . . . . . . . . .  SFR      DATA   U_CHAR   0080H  1
SP . . . . . . . . . . . . . . . . . .  SFR      DATA   U_CHAR   0081H  1
DPL. . . . . . . . . . . . . . . . . .  SFR      DATA   U_CHAR   0082H  1
DPH. . . . . . . . . . . . . . . . . .  SFR      DATA   U_CHAR   0083H  1
SFR0CN . . . . . . . . . . . . . . . .  SFR      DATA   U_CHAR   0084H  1
SFRNEXT. . . . . . . . . . . . . . . .  SFR      DATA   U_CHAR   0085H  1
SFRLAST. . . . . . . . . . . . . . . .  SFR      DATA   U_CHAR   0086H  1
PCON . . . . . . . . . . . . . . . . .  SFR      DATA   U_CHAR   0087H  1
TCON . . . . . . . . . . . . . . . . .  SFR      DATA   U_CHAR   0088H  1
TMOD . . . . . . . . . . . . . . . . .  SFR      DATA   U_CHAR   0089H  1
TL0. . . . . . . . . . . . . . . . . .  SFR      DATA   U_CHAR   008AH  1
TL1. . . . . . . . . . . . . . . . . .  SFR      DATA   U_CHAR   008BH  1
TH0. . . . . . . . . . . . . . . . . .  SFR      DATA   U_CHAR   008CH  1
TH1. . . . . . . . . . . . . . . . . .  SFR      DATA   U_CHAR   008DH  1
CKCON. . . . . . . . . . . . . . . . .  SFR      DATA   U_CHAR   008EH  1
PSCTL. . . . . . . . . . . . . . . . .  SFR      DATA   U_CHAR   008FH  1
CLKSEL . . . . . . . . . . . . . . . .  SFR      DATA   U_CHAR   008FH  1
P1 . . . . . . . . . . . . . . . . . .  SFR      DATA   U_CHAR   0090H  1
TMR3CN . . . . . . . . . . . . . . . .  SFR      DATA   U_CHAR   0091H  1
TMR5CN . . . . . . . . . . . . . . . .  SFR      DATA   U_CHAR   0091H  1
TMR3RLL. . . . . . . . . . . . . . . .  SFR      DATA   U_CHAR   0092H  1
TMR5CAPL . . . . . . . . . . . . . . .  SFR      DATA   U_CHAR   0092H  1
TMR3RLH. . . . . . . . . . . . . . . .  SFR      DATA   U_CHAR   0093H  1
TMR5CAPH . . . . . . . . . . . . . . .  SFR      DATA   U_CHAR   0093H  1
TMR3L. . . . . . . . . . . . . . . . .  SFR      DATA   U_CHAR   0094H  1
C51 COMPILER V9.51   MAIN                                                                  06/22/2024 14:41:58 PAGE 5   

NAME                                    CLASS   MSPACE  TYPE    OFFSET  SIZE
====                                    =====   ======  ====    ======  ====


TMR5L. . . . . . . . . . . . . . . . .  SFR      DATA   U_CHAR   0094H  1
TMR3H. . . . . . . . . . . . . . . . .  SFR      DATA   U_CHAR   0095H  1
TMR5H. . . . . . . . . . . . . . . . .  SFR      DATA   U_CHAR   0095H  1
TMR5CF . . . . . . . . . . . . . . . .  SFR      DATA   U_CHAR   0096H  1
CLKMUL . . . . . . . . . . . . . . . .  SFR      DATA   U_CHAR   0097H  1
SCON0. . . . . . . . . . . . . . . . .  SFR      DATA   U_CHAR   0098H  1
SCON1. . . . . . . . . . . . . . . . .  SFR      DATA   U_CHAR   0098H  1
SBUF0. . . . . . . . . . . . . . . . .  SFR      DATA   U_CHAR   0099H  1
SBUF1. . . . . . . . . . . . . . . . .  SFR      DATA   U_CHAR   0099H  1
CPT0CN . . . . . . . . . . . . . . . .  SFR      DATA   U_CHAR   009AH  1
CPT2CN . . . . . . . . . . . . . . . .  SFR      DATA   U_CHAR   009AH  1
CPT0MD . . . . . . . . . . . . . . . .  SFR      DATA   U_CHAR   009BH  1
CPT2MD . . . . . . . . . . . . . . . .  SFR      DATA   U_CHAR   009BH  1
CPT0MX . . . . . . . . . . . . . . . .  SFR      DATA   U_CHAR   009CH  1
CPT2MX . . . . . . . . . . . . . . . .  SFR      DATA   U_CHAR   009CH  1
CPT1CN . . . . . . . . . . . . . . . .  SFR      DATA   U_CHAR   009DH  1
CPT1MD . . . . . . . . . . . . . . . .  SFR      DATA   U_CHAR   009EH  1
OSCIFIN. . . . . . . . . . . . . . . .  SFR      DATA   U_CHAR   009EH  1
CPT1MX . . . . . . . . . . . . . . . .  SFR      DATA   U_CHAR   009FH  1
OSCXCN . . . . . . . . . . . . . . . .  SFR      DATA   U_CHAR   009FH  1
P2 . . . . . . . . . . . . . . . . . .  SFR      DATA   U_CHAR   00A0H  1
SPI0CFG. . . . . . . . . . . . . . . .  SFR      DATA   U_CHAR   00A1H  1
OSCICN . . . . . . . . . . . . . . . .  SFR      DATA   U_CHAR   00A1H  1
SPI0CKR. . . . . . . . . . . . . . . .  SFR      DATA   U_CHAR   00A2H  1
OSCICRS. . . . . . . . . . . . . . . .  SFR      DATA   U_CHAR   00A2H  1
SPI0DAT. . . . . . . . . . . . . . . .  SFR      DATA   U_CHAR   00A3H  1
P0MDOUT. . . . . . . . . . . . . . . .  SFR      DATA   U_CHAR   00A4H  1
P1MDOUT. . . . . . . . . . . . . . . .  SFR      DATA   U_CHAR   00A5H  1
P2MDOUT. . . . . . . . . . . . . . . .  SFR      DATA   U_CHAR   00A6H  1
SFRPAGE. . . . . . . . . . . . . . . .  SFR      DATA   U_CHAR   00A7H  1
IE . . . . . . . . . . . . . . . . . .  SFR      DATA   U_CHAR   00A8H  1
SMOD0. . . . . . . . . . . . . . . . .  SFR      DATA   U_CHAR   00A9H  1
EMI0CN . . . . . . . . . . . . . . . .  SFR      DATA   U_CHAR   00AAH  1
EMI0TC . . . . . . . . . . . . . . . .  SFR      DATA   U_CHAR   00AAH  1
SBCON0 . . . . . . . . . . . . . . . .  SFR      DATA   U_CHAR   00ABH  1
SBRLL0 . . . . . . . . . . . . . . . .  SFR      DATA   U_CHAR   00ACH  1
SBRLH0 . . . . . . . . . . . . . . . .  SFR      DATA   U_CHAR   00ADH  1
P3MAT. . . . . . . . . . . . . . . . .  SFR      DATA   U_CHAR   00AEH  1
P3MDOUT. . . . . . . . . . . . . . . .  SFR      DATA   U_CHAR   00AEH  1
P3MASK . . . . . . . . . . . . . . . .  SFR      DATA   U_CHAR   00AFH  1
P4MDOUT. . . . . . . . . . . . . . . .  SFR      DATA   U_CHAR   00AFH  1
P3 . . . . . . . . . . . . . . . . . .  SFR      DATA   U_CHAR   00B0H  1
P2MAT. . . . . . . . . . . . . . . . .  SFR      DATA   U_CHAR   00B1H  1
P2MASK . . . . . . . . . . . . . . . .  SFR      DATA   U_CHAR   00B2H  1
EMI0CF . . . . . . . . . . . . . . . .  SFR      DATA   U_CHAR   00B2H  1
P4 . . . . . . . . . . . . . . . . . .  SFR      DATA   U_CHAR   00B5H  1
FLSCL. . . . . . . . . . . . . . . . .  SFR      DATA   U_CHAR   00B6H  1
FLKEY. . . . . . . . . . . . . . . . .  SFR      DATA   U_CHAR   00B7H  1
IP . . . . . . . . . . . . . . . . . .  SFR      DATA   U_CHAR   00B8H  1
SMB0ADR. . . . . . . . . . . . . . . .  SFR      DATA   U_CHAR   00B9H  1
ADC0TK . . . . . . . . . . . . . . . .  SFR      DATA   U_CHAR   00BAH  1
SMB0ADM. . . . . . . . . . . . . . . .  SFR      DATA   U_CHAR   00BAH  1
ADC0MX . . . . . . . . . . . . . . . .  SFR      DATA   U_CHAR   00BBH  1
ADC0CF . . . . . . . . . . . . . . . .  SFR      DATA   U_CHAR   00BCH  1
ADC0L. . . . . . . . . . . . . . . . .  SFR      DATA   U_CHAR   00BDH  1
ADC0H. . . . . . . . . . . . . . . . .  SFR      DATA   U_CHAR   00BEH  1
SMB0CN . . . . . . . . . . . . . . . .  SFR      DATA   U_CHAR   00C0H  1
C51 COMPILER V9.51   MAIN                                                                  06/22/2024 14:41:58 PAGE 6   

NAME                                    CLASS   MSPACE  TYPE    OFFSET  SIZE
====                                    =====   ======  ====    ======  ====


SMB0CF . . . . . . . . . . . . . . . .  SFR      DATA   U_CHAR   00C1H  1
SMB0DAT. . . . . . . . . . . . . . . .  SFR      DATA   U_CHAR   00C2H  1
ADC0GTL. . . . . . . . . . . . . . . .  SFR      DATA   U_CHAR   00C3H  1
ADC0GTH. . . . . . . . . . . . . . . .  SFR      DATA   U_CHAR   00C4H  1
ADC0LTL. . . . . . . . . . . . . . . .  SFR      DATA   U_CHAR   00C5H  1
ADC0LTH. . . . . . . . . . . . . . . .  SFR      DATA   U_CHAR   00C6H  1
XBR3 . . . . . . . . . . . . . . . . .  SFR      DATA   U_CHAR   00C6H  1
XBR2 . . . . . . . . . . . . . . . . .  SFR      DATA   U_CHAR   00C7H  1
TMR2CN . . . . . . . . . . . . . . . .  SFR      DATA   U_CHAR   00C8H  1
TMR4CN . . . . . . . . . . . . . . . .  SFR      DATA   U_CHAR   00C8H  1
REG0CN . . . . . . . . . . . . . . . .  SFR      DATA   U_CHAR   00C9H  1
LIN0CF . . . . . . . . . . . . . . . .  SFR      DATA   U_CHAR   00C9H  1
TMR4CF . . . . . . . . . . . . . . . .  SFR      DATA   U_CHAR   00C9H  1
TMR2RLL. . . . . . . . . . . . . . . .  SFR      DATA   U_CHAR   00CAH  1
TMR4CAPL . . . . . . . . . . . . . . .  SFR      DATA   U_CHAR   00CAH  1
TMR2RLH. . . . . . . . . . . . . . . .  SFR      DATA   U_CHAR   00CBH  1
TMR4CAPH . . . . . . . . . . . . . . .  SFR      DATA   U_CHAR   00CBH  1
TMR2L. . . . . . . . . . . . . . . . .  SFR      DATA   U_CHAR   00CCH  1
TMR4L. . . . . . . . . . . . . . . . .  SFR      DATA   U_CHAR   00CCH  1
TMR2H. . . . . . . . . . . . . . . . .  SFR      DATA   U_CHAR   00CDH  1
TMR4H. . . . . . . . . . . . . . . . .  SFR      DATA   U_CHAR   00CDH  1
PCA0CPL5 . . . . . . . . . . . . . . .  SFR      DATA   U_CHAR   00CEH  1
PCA1CPL11. . . . . . . . . . . . . . .  SFR      DATA   U_CHAR   00CEH  1
PCA0CPH5 . . . . . . . . . . . . . . .  SFR      DATA   U_CHAR   00CFH  1
PCA1CPH11. . . . . . . . . . . . . . .  SFR      DATA   U_CHAR   00CFH  1
PSW. . . . . . . . . . . . . . . . . .  SFR      DATA   U_CHAR   00D0H  1
REF0CN . . . . . . . . . . . . . . . .  SFR      DATA   U_CHAR   00D1H  1
LIN0DAT. . . . . . . . . . . . . . . .  SFR      DATA   U_CHAR   00D2H  1
LIN0ADR. . . . . . . . . . . . . . . .  SFR      DATA   U_CHAR   00D3H  1
P0SKIP . . . . . . . . . . . . . . . .  SFR      DATA   U_CHAR   00D4H  1
P1SKIP . . . . . . . . . . . . . . . .  SFR      DATA   U_CHAR   00D5H  1
P2SKIP . . . . . . . . . . . . . . . .  SFR      DATA   U_CHAR   00D6H  1
P3SKIP . . . . . . . . . . . . . . . .  SFR      DATA   U_CHAR   00D7H  1
PCA0CN . . . . . . . . . . . . . . . .  SFR      DATA   U_CHAR   00D8H  1
PCA1CN . . . . . . . . . . . . . . . .  SFR      DATA   U_CHAR   00D8H  1
PCA0MD . . . . . . . . . . . . . . . .  SFR      DATA   U_CHAR   00D9H  1
PCA1MD . . . . . . . . . . . . . . . .  SFR      DATA   U_CHAR   00D9H  1
PCA0PWM. . . . . . . . . . . . . . . .  SFR      DATA   U_CHAR   00D9H  1
PCA0CPM0 . . . . . . . . . . . . . . .  SFR      DATA   U_CHAR   00DAH  1
PCA1CPM6 . . . . . . . . . . . . . . .  SFR      DATA   U_CHAR   00DAH  1
PCA1PWM. . . . . . . . . . . . . . . .  SFR      DATA   U_CHAR   00DAH  1
PCA0CPM1 . . . . . . . . . . . . . . .  SFR      DATA   U_CHAR   00DBH  1
PCA1CPM7 . . . . . . . . . . . . . . .  SFR      DATA   U_CHAR   00DBH  1
PCA0CPM2 . . . . . . . . . . . . . . .  SFR      DATA   U_CHAR   00DCH  1
PCA1CPM8 . . . . . . . . . . . . . . .  SFR      DATA   U_CHAR   00DCH  1
PCA0CPM3 . . . . . . . . . . . . . . .  SFR      DATA   U_CHAR   00DDH  1
PCA1CPM9 . . . . . . . . . . . . . . .  SFR      DATA   U_CHAR   00DDH  1
PCA0CPM4 . . . . . . . . . . . . . . .  SFR      DATA   U_CHAR   00DEH  1
PCA1CPM10. . . . . . . . . . . . . . .  SFR      DATA   U_CHAR   00DEH  1
PCA0CPM5 . . . . . . . . . . . . . . .  SFR      DATA   U_CHAR   00DFH  1
PCA1CPM11. . . . . . . . . . . . . . .  SFR      DATA   U_CHAR   00DFH  1
ACC. . . . . . . . . . . . . . . . . .  SFR      DATA   U_CHAR   00E0H  1
XBR0 . . . . . . . . . . . . . . . . .  SFR      DATA   U_CHAR   00E1H  1
XBR1 . . . . . . . . . . . . . . . . .  SFR      DATA   U_CHAR   00E2H  1
CCH0CN . . . . . . . . . . . . . . . .  SFR      DATA   U_CHAR   00E3H  1
IT01CF . . . . . . . . . . . . . . . .  SFR      DATA   U_CHAR   00E4H  1
EIE1 . . . . . . . . . . . . . . . . .  SFR      DATA   U_CHAR   00E6H  1
C51 COMPILER V9.51   MAIN                                                                  06/22/2024 14:41:58 PAGE 7   

NAME                                    CLASS   MSPACE  TYPE    OFFSET  SIZE
====                                    =====   ======  ====    ======  ====


EIE2 . . . . . . . . . . . . . . . . .  SFR      DATA   U_CHAR   00E7H  1
ADC0CN . . . . . . . . . . . . . . . .  SFR      DATA   U_CHAR   00E8H  1
PCA0CPL1 . . . . . . . . . . . . . . .  SFR      DATA   U_CHAR   00E9H  1
PCA1CPL1 . . . . . . . . . . . . . . .  SFR      DATA   U_CHAR   00E9H  1
PCA0CPH1 . . . . . . . . . . . . . . .  SFR      DATA   U_CHAR   00EAH  1
PCA1CPH1 . . . . . . . . . . . . . . .  SFR      DATA   U_CHAR   00EAH  1
PCA0CPL2 . . . . . . . . . . . . . . .  SFR      DATA   U_CHAR   00EBH  1
PCA1CPL2 . . . . . . . . . . . . . . .  SFR      DATA   U_CHAR   00EBH  1
PCA0CPH2 . . . . . . . . . . . . . . .  SFR      DATA   U_CHAR   00ECH  1
PCA1CPH2 . . . . . . . . . . . . . . .  SFR      DATA   U_CHAR   00ECH  1
PCA0CPL3 . . . . . . . . . . . . . . .  SFR      DATA   U_CHAR   00EDH  1
PCA1CPL3 . . . . . . . . . . . . . . .  SFR      DATA   U_CHAR   00EDH  1
PCA0CPH3 . . . . . . . . . . . . . . .  SFR      DATA   U_CHAR   00EEH  1
PCA1CPH3 . . . . . . . . . . . . . . .  SFR      DATA   U_CHAR   00EEH  1
RSTSRC . . . . . . . . . . . . . . . .  SFR      DATA   U_CHAR   00EFH  1
B. . . . . . . . . . . . . . . . . . .  SFR      DATA   U_CHAR   00F0H  1
P0MAT. . . . . . . . . . . . . . . . .  SFR      DATA   U_CHAR   00F1H  1
P0MDIN . . . . . . . . . . . . . . . .  SFR      DATA   U_CHAR   00F1H  1
P0MASK . . . . . . . . . . . . . . . .  SFR      DATA   U_CHAR   00F2H  1
P1MDIN . . . . . . . . . . . . . . . .  SFR      DATA   U_CHAR   00F2H  1
P1MAT. . . . . . . . . . . . . . . . .  SFR      DATA   U_CHAR   00F3H  1
P2MDIN . . . . . . . . . . . . . . . .  SFR      DATA   U_CHAR   00F3H  1
P1MASK . . . . . . . . . . . . . . . .  SFR      DATA   U_CHAR   00F4H  1
P3MDIN . . . . . . . . . . . . . . . .  SFR      DATA   U_CHAR   00F4H  1
PSBANK . . . . . . . . . . . . . . . .  SFR      DATA   U_CHAR   00F5H  1
EIP1 . . . . . . . . . . . . . . . . .  SFR      DATA   U_CHAR   00F6H  1
EIP2 . . . . . . . . . . . . . . . . .  SFR      DATA   U_CHAR   00F7H  1
SPI0CN . . . . . . . . . . . . . . . .  SFR      DATA   U_CHAR   00F8H  1
PCA0L. . . . . . . . . . . . . . . . .  SFR      DATA   U_CHAR   00F9H  1
PCA1L. . . . . . . . . . . . . . . . .  SFR      DATA   U_CHAR   00F9H  1
SN0. . . . . . . . . . . . . . . . . .  SFR      DATA   U_CHAR   00F9H  1
PCA0H. . . . . . . . . . . . . . . . .  SFR      DATA   U_CHAR   00FAH  1
PCA1H. . . . . . . . . . . . . . . . .  SFR      DATA   U_CHAR   00FAH  1
SN1. . . . . . . . . . . . . . . . . .  SFR      DATA   U_CHAR   00FAH  1
PCA0CPL0 . . . . . . . . . . . . . . .  SFR      DATA   U_CHAR   00FBH  1
PCA1CPL6 . . . . . . . . . . . . . . .  SFR      DATA   U_CHAR   00FBH  1
SN2. . . . . . . . . . . . . . . . . .  SFR      DATA   U_CHAR   00FBH  1
PCA0CPH0 . . . . . . . . . . . . . . .  SFR      DATA   U_CHAR   00FCH  1
PCA1CPH6 . . . . . . . . . . . . . . .  SFR      DATA   U_CHAR   00FCH  1
SN3. . . . . . . . . . . . . . . . . .  SFR      DATA   U_CHAR   00FCH  1
PCA0CPL4 . . . . . . . . . . . . . . .  SFR      DATA   U_CHAR   00FDH  1
PCA1CPL10. . . . . . . . . . . . . . .  SFR      DATA   U_CHAR   00FDH  1
PCA0CPH4 . . . . . . . . . . . . . . .  SFR      DATA   U_CHAR   00FEH  1
PCA1CPH10. . . . . . . . . . . . . . .  SFR      DATA   U_CHAR   00FEH  1
VDM0CN . . . . . . . . . . . . . . . .  SFR      DATA   U_CHAR   00FFH  1
CAN0CFG. . . . . . . . . . . . . . . .  SFR      DATA   U_CHAR   0092H  1
CAN0STAT . . . . . . . . . . . . . . .  SFR      DATA   U_CHAR   0094H  1
CAN0ERRL . . . . . . . . . . . . . . .  SFR      DATA   U_CHAR   0096H  1
CAN0ERRH . . . . . . . . . . . . . . .  SFR      DATA   U_CHAR   0097H  1
CAN0BTL. . . . . . . . . . . . . . . .  SFR      DATA   U_CHAR   009AH  1
CAN0BTH. . . . . . . . . . . . . . . .  SFR      DATA   U_CHAR   009BH  1
CAN0IIDL . . . . . . . . . . . . . . .  SFR      DATA   U_CHAR   009CH  1
CAN0IIDH . . . . . . . . . . . . . . .  SFR      DATA   U_CHAR   009DH  1
CAN0TST. . . . . . . . . . . . . . . .  SFR      DATA   U_CHAR   009EH  1
CAN0BRPE . . . . . . . . . . . . . . .  SFR      DATA   U_CHAR   00A1H  1
CAN0TR1L . . . . . . . . . . . . . . .  SFR      DATA   U_CHAR   00A2H  1
CAN0TR1H . . . . . . . . . . . . . . .  SFR      DATA   U_CHAR   00A3H  1
C51 COMPILER V9.51   MAIN                                                                  06/22/2024 14:41:58 PAGE 8   

NAME                                    CLASS   MSPACE  TYPE    OFFSET  SIZE
====                                    =====   ======  ====    ======  ====


CAN0TR2L . . . . . . . . . . . . . . .  SFR      DATA   U_CHAR   00A4H  1
CAN0TR2H . . . . . . . . . . . . . . .  SFR      DATA   U_CHAR   00A5H  1
CAN0ND1L . . . . . . . . . . . . . . .  SFR      DATA   U_CHAR   00AAH  1
CAN0ND1H . . . . . . . . . . . . . . .  SFR      DATA   U_CHAR   00ABH  1
CAN0ND2L . . . . . . . . . . . . . . .  SFR      DATA   U_CHAR   00ACH  1
CAN0ND2H . . . . . . . . . . . . . . .  SFR      DATA   U_CHAR   00ADH  1
CAN0IP1L . . . . . . . . . . . . . . .  SFR      DATA   U_CHAR   00AEH  1
CAN0IP1H . . . . . . . . . . . . . . .  SFR      DATA   U_CHAR   00AFH  1
CAN0IP2L . . . . . . . . . . . . . . .  SFR      DATA   U_CHAR   00B2H  1
CAN0IP2H . . . . . . . . . . . . . . .  SFR      DATA   U_CHAR   00B3H  1
CAN0MV1L . . . . . . . . . . . . . . .  SFR      DATA   U_CHAR   00BAH  1
CAN0MV1H . . . . . . . . . . . . . . .  SFR      DATA   U_CHAR   00BBH  1
CAN0MV2L . . . . . . . . . . . . . . .  SFR      DATA   U_CHAR   00BCH  1
CAN0MV2H . . . . . . . . . . . . . . .  SFR      DATA   U_CHAR   00BDH  1
CAN0IF1CRL . . . . . . . . . . . . . .  SFR      DATA   U_CHAR   00BEH  1
CAN0IF1CRH . . . . . . . . . . . . . .  SFR      DATA   U_CHAR   00BFH  1
CAN0CN . . . . . . . . . . . . . . . .  SFR      DATA   U_CHAR   00C0H  1
CAN0IF1CML . . . . . . . . . . . . . .  SFR      DATA   U_CHAR   00C2H  1
CAN0IF1CMH . . . . . . . . . . . . . .  SFR      DATA   U_CHAR   00C3H  1
CAN0IF1M1L . . . . . . . . . . . . . .  SFR      DATA   U_CHAR   00C4H  1
CAN0IF1M1H . . . . . . . . . . . . . .  SFR      DATA   U_CHAR   00C5H  1
CAN0IF1M2L . . . . . . . . . . . . . .  SFR      DATA   U_CHAR   00C6H  1
CAN0IF1M2H . . . . . . . . . . . . . .  SFR      DATA   U_CHAR   00C7H  1
CAN0IF1A1L . . . . . . . . . . . . . .  SFR      DATA   U_CHAR   00CAH  1
CAN0IF1A1H . . . . . . . . . . . . . .  SFR      DATA   U_CHAR   00CBH  1
CAN0IF1A2L . . . . . . . . . . . . . .  SFR      DATA   U_CHAR   00CCH  1
CAN0IF1A2H . . . . . . . . . . . . . .  SFR      DATA   U_CHAR   00CDH  1
CAN0IF2MCL . . . . . . . . . . . . . .  SFR      DATA   U_CHAR   00CEH  1
CAN0IF2MCH . . . . . . . . . . . . . .  SFR      DATA   U_CHAR   00CFH  1
CAN0IF1MCL . . . . . . . . . . . . . .  SFR      DATA   U_CHAR   00D2H  1
CAN0IF1MCH . . . . . . . . . . . . . .  SFR      DATA   U_CHAR   00D3H  1
CAN0IF1DA1L. . . . . . . . . . . . . .  SFR      DATA   U_CHAR   00D4H  1
CAN0IF1DA1H. . . . . . . . . . . . . .  SFR      DATA   U_CHAR   00D5H  1
CAN0IF1DA2L. . . . . . . . . . . . . .  SFR      DATA   U_CHAR   00D6H  1
CAN0IF1DA2H. . . . . . . . . . . . . .  SFR      DATA   U_CHAR   00D7H  1
CAN0IF1DB1L. . . . . . . . . . . . . .  SFR      DATA   U_CHAR   00DAH  1
CAN0IF1DB1H. . . . . . . . . . . . . .  SFR      DATA   U_CHAR   00DBH  1
CAN0IF1DB2L. . . . . . . . . . . . . .  SFR      DATA   U_CHAR   00DCH  1
CAN0IF1DB2H. . . . . . . . . . . . . .  SFR      DATA   U_CHAR   00DDH  1
CAN0IF2CRL . . . . . . . . . . . . . .  SFR      DATA   U_CHAR   00DEH  1
CAN0IF2CRH . . . . . . . . . . . . . .  SFR      DATA   U_CHAR   00DFH  1
CAN0IF2CML . . . . . . . . . . . . . .  SFR      DATA   U_CHAR   00E2H  1
CAN0IF2CMH . . . . . . . . . . . . . .  SFR      DATA   U_CHAR   00E3H  1
CAN0IF2M1L . . . . . . . . . . . . . .  SFR      DATA   U_CHAR   00EAH  1
CAN0IF2M1H . . . . . . . . . . . . . .  SFR      DATA   U_CHAR   00EBH  1
CAN0IF2M2L . . . . . . . . . . . . . .  SFR      DATA   U_CHAR   00ECH  1
CAN0IF2M2H . . . . . . . . . . . . . .  SFR      DATA   U_CHAR   00EDH  1
CAN0IF2A1L . . . . . . . . . . . . . .  SFR      DATA   U_CHAR   00EEH  1
CAN0IF2A1H . . . . . . . . . . . . . .  SFR      DATA   U_CHAR   00EFH  1
CAN0IF2A2L . . . . . . . . . . . . . .  SFR      DATA   U_CHAR   00F2H  1
CAN0IF2A2H . . . . . . . . . . . . . .  SFR      DATA   U_CHAR   00F3H  1
CAN0IF2DA1L. . . . . . . . . . . . . .  SFR      DATA   U_CHAR   00F6H  1
CAN0IF2DA1H. . . . . . . . . . . . . .  SFR      DATA   U_CHAR   00F7H  1
CAN0IF2DA2L. . . . . . . . . . . . . .  SFR      DATA   U_CHAR   00FAH  1
CAN0IF2DA2H. . . . . . . . . . . . . .  SFR      DATA   U_CHAR   00FBH  1
CAN0IF2DB1L. . . . . . . . . . . . . .  SFR      DATA   U_CHAR   00FCH  1
CAN0IF2DB1H. . . . . . . . . . . . . .  SFR      DATA   U_CHAR   00FDH  1
C51 COMPILER V9.51   MAIN                                                                  06/22/2024 14:41:58 PAGE 9   

NAME                                    CLASS   MSPACE  TYPE    OFFSET  SIZE
====                                    =====   ======  ====    ======  ====


CAN0IF2DB2L. . . . . . . . . . . . . .  SFR      DATA   U_CHAR   00FEH  1
CAN0IF2DB2H. . . . . . . . . . . . . .  SFR      DATA   U_CHAR   00FFH  1
DP . . . . . . . . . . . . . . . . . .  SFR      DATA   U_INT    0082H  2
TMR3RL . . . . . . . . . . . . . . . .  SFR      DATA   U_INT    0092H  2
TMR5CAP. . . . . . . . . . . . . . . .  SFR      DATA   U_INT    0092H  2
TMR3 . . . . . . . . . . . . . . . . .  SFR      DATA   U_INT    0094H  2
TMR5 . . . . . . . . . . . . . . . . .  SFR      DATA   U_INT    0094H  2
SBRL0. . . . . . . . . . . . . . . . .  SFR      DATA   U_INT    00ACH  2
ADC0 . . . . . . . . . . . . . . . . .  SFR      DATA   U_INT    00BDH  2
ADC0GT . . . . . . . . . . . . . . . .  SFR      DATA   U_INT    00C3H  2
ADC0LT . . . . . . . . . . . . . . . .  SFR      DATA   U_INT    00C5H  2
TMR2RL . . . . . . . . . . . . . . . .  SFR      DATA   U_INT    00CAH  2
TMR4CAP. . . . . . . . . . . . . . . .  SFR      DATA   U_INT    00CAH  2
TMR2 . . . . . . . . . . . . . . . . .  SFR      DATA   U_INT    00CCH  2
TMR4 . . . . . . . . . . . . . . . . .  SFR      DATA   U_INT    00CCH  2
PCA0CP5. . . . . . . . . . . . . . . .  SFR      DATA   U_INT    00CEH  2
PCA1CP11 . . . . . . . . . . . . . . .  SFR      DATA   U_INT    00CEH  2
PCA0CP1. . . . . . . . . . . . . . . .  SFR      DATA   U_INT    00E9H  2
PCA1CP7. . . . . . . . . . . . . . . .  SFR      DATA   U_INT    00E9H  2
PCA0CP2. . . . . . . . . . . . . . . .  SFR      DATA   U_INT    00EBH  2
PCA1CP8. . . . . . . . . . . . . . . .  SFR      DATA   U_INT    00EBH  2
PCA0CP3. . . . . . . . . . . . . . . .  SFR      DATA   U_INT    00EDH  2
PCA1CP9. . . . . . . . . . . . . . . .  SFR      DATA   U_INT    00EDH  2
PCA0 . . . . . . . . . . . . . . . . .  SFR      DATA   U_INT    00F9H  2
PCA1 . . . . . . . . . . . . . . . . .  SFR      DATA   U_INT    00F9H  2
PCA0CP0. . . . . . . . . . . . . . . .  SFR      DATA   U_INT    00FBH  2
PCA1CP6. . . . . . . . . . . . . . . .  SFR      DATA   U_INT    00FBH  2
PCA0CP4. . . . . . . . . . . . . . . .  SFR      DATA   U_INT    00FDH  2
PCA1CP10 . . . . . . . . . . . . . . .  SFR      DATA   U_INT    00FDH  2
CAN0ERR. . . . . . . . . . . . . . . .  SFR      DATA   U_INT    0096H  2
CAN0BT . . . . . . . . . . . . . . . .  SFR      DATA   U_INT    009AH  2
CAN0IID. . . . . . . . . . . . . . . .  SFR      DATA   U_INT    009CH  2
CAN0TR1. . . . . . . . . . . . . . . .  SFR      DATA   U_INT    00A2H  2
CAN0TR2. . . . . . . . . . . . . . . .  SFR      DATA   U_INT    00A4H  2
CAN0ND1. . . . . . . . . . . . . . . .  SFR      DATA   U_INT    00AAH  2
CAN0ND2. . . . . . . . . . . . . . . .  SFR      DATA   U_INT    00ACH  2
CAN0IP1. . . . . . . . . . . . . . . .  SFR      DATA   U_INT    00AEH  2
CAN0IP2. . . . . . . . . . . . . . . .  SFR      DATA   U_INT    00B2H  2
CAN0MV1. . . . . . . . . . . . . . . .  SFR      DATA   U_INT    00BAH  2
CAN0MV2. . . . . . . . . . . . . . . .  SFR      DATA   U_INT    00BCH  2
CAN0IF1CR. . . . . . . . . . . . . . .  SFR      DATA   U_INT    00BEH  2
CAN0IF1CM. . . . . . . . . . . . . . .  SFR      DATA   U_INT    00C2H  2
CAN0IF1M1. . . . . . . . . . . . . . .  SFR      DATA   U_INT    00C4H  2
CAN0IF1M2. . . . . . . . . . . . . . .  SFR      DATA   U_INT    00C6H  2
CAN0IF1A1. . . . . . . . . . . . . . .  SFR      DATA   U_INT    00CAH  2
CAN0IF1A2. . . . . . . . . . . . . . .  SFR      DATA   U_INT    00CCH  2
CAN0IF1MC. . . . . . . . . . . . . . .  SFR      DATA   U_INT    00D2H  2
CAN0IF1DA1 . . . . . . . . . . . . . .  SFR      DATA   U_INT    00D4H  2
CAN0IF1DA2 . . . . . . . . . . . . . .  SFR      DATA   U_INT    00D6H  2
CAN0IF1DB1 . . . . . . . . . . . . . .  SFR      DATA   U_INT    00DAH  2
CAN0IF1DB2 . . . . . . . . . . . . . .  SFR      DATA   U_INT    00DCH  2
CAN0IF2CR. . . . . . . . . . . . . . .  SFR      DATA   U_INT    00DEH  2
CAN0IF2CM. . . . . . . . . . . . . . .  SFR      DATA   U_INT    00E2H  2
CAN0IF2M1. . . . . . . . . . . . . . .  SFR      DATA   U_INT    00EAH  2
CAN0IF2M2. . . . . . . . . . . . . . .  SFR      DATA   U_INT    00ECH  2
CAN0IF2A1. . . . . . . . . . . . . . .  SFR      DATA   U_INT    00EEH  2
CAN0IF2A2. . . . . . . . . . . . . . .  SFR      DATA   U_INT    00F2H  2
C51 COMPILER V9.51   MAIN                                                                  06/22/2024 14:41:58 PAGE 10  

NAME                                    CLASS   MSPACE  TYPE    OFFSET  SIZE
====                                    =====   ======  ====    ======  ====


CAN0IF2MC. . . . . . . . . . . . . . .  SFR      DATA   U_INT    00F4H  2
CAN0IF2DA1 . . . . . . . . . . . . . .  SFR      DATA   U_INT    00F6H  2
CAN0IF2DA2 . . . . . . . . . . . . . .  SFR      DATA   U_INT    00FAH  2
CAN0IF2DB1 . . . . . . . . . . . . . .  SFR      DATA   U_INT    00FCH  2
CAN0IF2DB2 . . . . . . . . . . . . . .  SFR      DATA   U_INT    00FEH  2
TF1. . . . . . . . . . . . . . . . . .  ABSBIT   -----  BIT      008FH  1
TR1. . . . . . . . . . . . . . . . . .  ABSBIT   -----  BIT      008EH  1
TF0. . . . . . . . . . . . . . . . . .  ABSBIT   -----  BIT      008DH  1
TR0. . . . . . . . . . . . . . . . . .  ABSBIT   -----  BIT      008CH  1
IE1. . . . . . . . . . . . . . . . . .  ABSBIT   -----  BIT      008BH  1
IT1. . . . . . . . . . . . . . . . . .  ABSBIT   -----  BIT      008AH  1
IE0. . . . . . . . . . . . . . . . . .  ABSBIT   -----  BIT      0089H  1
IT0. . . . . . . . . . . . . . . . . .  ABSBIT   -----  BIT      0088H  1
S0MODE . . . . . . . . . . . . . . . .  ABSBIT   -----  BIT      009FH  1
MCE0 . . . . . . . . . . . . . . . . .  ABSBIT   -----  BIT      009DH  1
REN0 . . . . . . . . . . . . . . . . .  ABSBIT   -----  BIT      009CH  1
TB80 . . . . . . . . . . . . . . . . .  ABSBIT   -----  BIT      009BH  1
RB80 . . . . . . . . . . . . . . . . .  ABSBIT   -----  BIT      009AH  1
TI0. . . . . . . . . . . . . . . . . .  ABSBIT   -----  BIT      0099H  1
RI0. . . . . . . . . . . . . . . . . .  ABSBIT   -----  BIT      0098H  1
S1MODE . . . . . . . . . . . . . . . .  ABSBIT   -----  BIT      009FH  1
MCE1 . . . . . . . . . . . . . . . . .  ABSBIT   -----  BIT      009DH  1
REN1 . . . . . . . . . . . . . . . . .  ABSBIT   -----  BIT      009CH  1
TB81 . . . . . . . . . . . . . . . . .  ABSBIT   -----  BIT      009BH  1
RB81 . . . . . . . . . . . . . . . . .  ABSBIT   -----  BIT      009AH  1
TI1. . . . . . . . . . . . . . . . . .  ABSBIT   -----  BIT      0099H  1
RI1. . . . . . . . . . . . . . . . . .  ABSBIT   -----  BIT      0098H  1
EA . . . . . . . . . . . . . . . . . .  ABSBIT   -----  BIT      00AFH  1
ESPI0. . . . . . . . . . . . . . . . .  ABSBIT   -----  BIT      00AEH  1
ET2. . . . . . . . . . . . . . . . . .  ABSBIT   -----  BIT      00ADH  1
ES0. . . . . . . . . . . . . . . . . .  ABSBIT   -----  BIT      00ACH  1
ET1. . . . . . . . . . . . . . . . . .  ABSBIT   -----  BIT      00ABH  1
EX1. . . . . . . . . . . . . . . . . .  ABSBIT   -----  BIT      00AAH  1
ET0. . . . . . . . . . . . . . . . . .  ABSBIT   -----  BIT      00A9H  1
EX0. . . . . . . . . . . . . . . . . .  ABSBIT   -----  BIT      00A8H  1
PSPI0. . . . . . . . . . . . . . . . .  ABSBIT   -----  BIT      00BEH  1
PT2. . . . . . . . . . . . . . . . . .  ABSBIT   -----  BIT      00BDH  1
PS0. . . . . . . . . . . . . . . . . .  ABSBIT   -----  BIT      00BCH  1
PS . . . . . . . . . . . . . . . . . .  ABSBIT   -----  BIT      00BCH  1
PT1. . . . . . . . . . . . . . . . . .  ABSBIT   -----  BIT      00BBH  1
PX1. . . . . . . . . . . . . . . . . .  ABSBIT   -----  BIT      00BAH  1
PT0. . . . . . . . . . . . . . . . . .  ABSBIT   -----  BIT      00B9H  1
PX0. . . . . . . . . . . . . . . . . .  ABSBIT   -----  BIT      00B8H  1
MASTER . . . . . . . . . . . . . . . .  ABSBIT   -----  BIT      00C7H  1
TXMODE . . . . . . . . . . . . . . . .  ABSBIT   -----  BIT      00C6H  1
STA. . . . . . . . . . . . . . . . . .  ABSBIT   -----  BIT      00C5H  1
STO. . . . . . . . . . . . . . . . . .  ABSBIT   -----  BIT      00C4H  1
ACKRQ. . . . . . . . . . . . . . . . .  ABSBIT   -----  BIT      00C3H  1
ARBLOST. . . . . . . . . . . . . . . .  ABSBIT   -----  BIT      00C2H  1
ACK. . . . . . . . . . . . . . . . . .  ABSBIT   -----  BIT      00C1H  1
SI . . . . . . . . . . . . . . . . . .  ABSBIT   -----  BIT      00C0H  1
TF2H . . . . . . . . . . . . . . . . .  ABSBIT   -----  BIT      00CFH  1
TF2L . . . . . . . . . . . . . . . . .  ABSBIT   -----  BIT      00CEH  1
TF2LEN . . . . . . . . . . . . . . . .  ABSBIT   -----  BIT      00CDH  1
TF2CEN . . . . . . . . . . . . . . . .  ABSBIT   -----  BIT      00CCH  1
T2SPLIT. . . . . . . . . . . . . . . .  ABSBIT   -----  BIT      00CBH  1
TR2. . . . . . . . . . . . . . . . . .  ABSBIT   -----  BIT      00CAH  1
C51 COMPILER V9.51   MAIN                                                                  06/22/2024 14:41:58 PAGE 11  

NAME                                    CLASS   MSPACE  TYPE    OFFSET  SIZE
====                                    =====   ======  ====    ======  ====


T2RCLK . . . . . . . . . . . . . . . .  ABSBIT   -----  BIT      00C9H  1
T2XCLK . . . . . . . . . . . . . . . .  ABSBIT   -----  BIT      00C8H  1
TF4. . . . . . . . . . . . . . . . . .  ABSBIT   -----  BIT      00CFH  1
EXF4 . . . . . . . . . . . . . . . . .  ABSBIT   -----  BIT      00CEH  1
EXE4 . . . . . . . . . . . . . . . . .  ABSBIT   -----  BIT      00CBH  1
TR4. . . . . . . . . . . . . . . . . .  ABSBIT   -----  BIT      00CAH  1
CT4. . . . . . . . . . . . . . . . . .  ABSBIT   -----  BIT      00C9H  1
CPRL4. . . . . . . . . . . . . . . . .  ABSBIT   -----  BIT      00C8H  1
CY . . . . . . . . . . . . . . . . . .  ABSBIT   -----  BIT      00D7H  1
AC . . . . . . . . . . . . . . . . . .  ABSBIT   -----  BIT      00D6H  1
F0 . . . . . . . . . . . . . . . . . .  ABSBIT   -----  BIT      00D5H  1
RS1. . . . . . . . . . . . . . . . . .  ABSBIT   -----  BIT      00D4H  1
RS0. . . . . . . . . . . . . . . . . .  ABSBIT   -----  BIT      00D3H  1
OV . . . . . . . . . . . . . . . . . .  ABSBIT   -----  BIT      00D2H  1
F1 . . . . . . . . . . . . . . . . . .  ABSBIT   -----  BIT      00D1H  1
P. . . . . . . . . . . . . . . . . . .  ABSBIT   -----  BIT      00D0H  1
CF . . . . . . . . . . . . . . . . . .  ABSBIT   -----  BIT      00DFH  1
CR . . . . . . . . . . . . . . . . . .  ABSBIT   -----  BIT      00DEH  1
CCF5 . . . . . . . . . . . . . . . . .  ABSBIT   -----  BIT      00DDH  1
CCF4 . . . . . . . . . . . . . . . . .  ABSBIT   -----  BIT      00DCH  1
CCF3 . . . . . . . . . . . . . . . . .  ABSBIT   -----  BIT      00DBH  1
CCF2 . . . . . . . . . . . . . . . . .  ABSBIT   -----  BIT      00DAH  1
CCF1 . . . . . . . . . . . . . . . . .  ABSBIT   -----  BIT      00D9H  1
CCF0 . . . . . . . . . . . . . . . . .  ABSBIT   -----  BIT      00D8H  1
CF1. . . . . . . . . . . . . . . . . .  ABSBIT   -----  BIT      00DFH  1
CR1. . . . . . . . . . . . . . . . . .  ABSBIT   -----  BIT      00DEH  1
CCF11. . . . . . . . . . . . . . . . .  ABSBIT   -----  BIT      00DDH  1
CCF10. . . . . . . . . . . . . . . . .  ABSBIT   -----  BIT      00DCH  1
CCF9 . . . . . . . . . . . . . . . . .  ABSBIT   -----  BIT      00DBH  1
CCF8 . . . . . . . . . . . . . . . . .  ABSBIT   -----  BIT      00DAH  1
CCF7 . . . . . . . . . . . . . . . . .  ABSBIT   -----  BIT      00D9H  1
CCF6 . . . . . . . . . . . . . . . . .  ABSBIT   -----  BIT      00D8H  1
AD0EN. . . . . . . . . . . . . . . . .  ABSBIT   -----  BIT      00EFH  1
BURSTEN. . . . . . . . . . . . . . . .  ABSBIT   -----  BIT      00EEH  1
AD0INT . . . . . . . . . . . . . . . .  ABSBIT   -----  BIT      00EDH  1
AD0BUSY. . . . . . . . . . . . . . . .  ABSBIT   -----  BIT      00ECH  1
AD0WINT. . . . . . . . . . . . . . . .  ABSBIT   -----  BIT      00EBH  1
AD0LJST. . . . . . . . . . . . . . . .  ABSBIT   -----  BIT      00EAH  1
AD0CM1 . . . . . . . . . . . . . . . .  ABSBIT   -----  BIT      00E9H  1
AD0CM0 . . . . . . . . . . . . . . . .  ABSBIT   -----  BIT      00E8H  1
SPIF . . . . . . . . . . . . . . . . .  ABSBIT   -----  BIT      00FFH  1
WCOL . . . . . . . . . . . . . . . . .  ABSBIT   -----  BIT      00FEH  1
MODF . . . . . . . . . . . . . . . . .  ABSBIT   -----  BIT      00FDH  1
RXOVRN . . . . . . . . . . . . . . . .  ABSBIT   -----  BIT      00FCH  1
NSSMD1 . . . . . . . . . . . . . . . .  ABSBIT   -----  BIT      00FBH  1
NSSMD0 . . . . . . . . . . . . . . . .  ABSBIT   -----  BIT      00FAH  1
TXBMT. . . . . . . . . . . . . . . . .  ABSBIT   -----  BIT      00F9H  1
SPIEN. . . . . . . . . . . . . . . . .  ABSBIT   -----  BIT      00F8H  1
uint8_t. . . . . . . . . . . . . . . .  TYPEDEF  -----  U_CHAR   -----  1
uint16_t . . . . . . . . . . . . . . .  TYPEDEF  -----  U_INT    -----  2
uint32_t . . . . . . . . . . . . . . .  TYPEDEF  -----  U_LONG   -----  4
uint64_t . . . . . . . . . . . . . . .  TYPEDEF  -----  ARRAY    -----  8
int8_t . . . . . . . . . . . . . . . .  TYPEDEF  -----  CHAR     -----  1
int16_t. . . . . . . . . . . . . . . .  TYPEDEF  -----  INT      -----  2
int32_t. . . . . . . . . . . . . . . .  TYPEDEF  -----  LONG     -----  4
int64_t. . . . . . . . . . . . . . . .  TYPEDEF  -----  ARRAY    -----  8
LED. . . . . . . . . . . . . . . . . .  ABSBIT   -----  BIT      0093H  1
C51 COMPILER V9.51   MAIN                                                                  06/22/2024 14:41:58 PAGE 12  

NAME                                    CLASS   MSPACE  TYPE    OFFSET  SIZE
====                                    =====   ======  ====    ======  ====


GREEN. . . . . . . . . . . . . . . . .  ABSBIT   -----  BIT      00A1H  1
num. . . . . . . . . . . . . . . . . .  PUBLIC   DATA   U_LONG   0000H  4
OSCILLATOR_Init. . . . . . . . . . . .  PUBLIC   CODE   PROC     0000H  -----
  SFRPAGE_save . . . . . . . . . . . .  * REG *  DATA   U_CHAR   0007H  1
PORT_Init. . . . . . . . . . . . . . .  PUBLIC   CODE   PROC     0000H  -----
  SFRPAGE_save . . . . . . . . . . . .  * REG *  DATA   U_CHAR   0007H  1
_TIMER2_Init . . . . . . . . . . . . .  PUBLIC   CODE   PROC     0000H  -----
  counts . . . . . . . . . . . . . . .  * REG *  DATA   U_INT    0006H  2
  SFRPAGE_save . . . . . . . . . . . .  * REG *  DATA   U_CHAR   0005H  1
_delayms . . . . . . . . . . . . . . .  PUBLIC   CODE   PROC     0000H  -----
  time . . . . . . . . . . . . . . . .  * REG *  DATA   INT      0082H  2
main . . . . . . . . . . . . . . . . .  PUBLIC   CODE   PROC     0000H  -----
Timer2_ISR . . . . . . . . . . . . . .  PUBLIC   CODE   PROC     0000H  -----


MODULE INFORMATION:   STATIC OVERLAYABLE
   CODE SIZE        =    171    ----
   CONSTANT SIZE    =   ----    ----
   XDATA SIZE       =   ----    ----
   PDATA SIZE       =   ----    ----
   DATA SIZE        =      4    ----
   IDATA SIZE       =   ----    ----
   BIT SIZE         =   ----    ----
   EDATA SIZE       =   ----    ----
   HDATA SIZE       =   ----    ----
   XDATA CONST SIZE =   ----    ----
   FAR CONST SIZE   =   ----    ----
END OF MODULE INFORMATION.


C51 COMPILATION COMPLETE.  0 WARNING(S),  0 ERROR(S)
