C51 COMPILER V9.51   DRV_MCU                                                               12/27/2023 14:33:39 PAGE 1   


C51 COMPILER V9.51, COMPILATION OF MODULE DRV_MCU
OBJECT MODULE PLACED IN drv_mcu.OBJ
COMPILER INVOKED BY: C:\Keil\C51\BIN\C51.exe drv_mcu.c DB OE BR INTVECTOR(0X4000) INCDIR(c:\SiLabs\MCU\Inc)

line level    source

   1          #include "compiler_defs.h"
   2          #include "C8051F580_defs.h"
   3          #include "drv_mcu.h"
   4          
   5          void Osc_Init (void)
   6          {
   7   1              SFRPAGE   = CONFIG_PAGE;
   8   1              OSCICN    = 0xC7U;
   9   1              SFRPAGE   = ACTIVE_PAGE;
  10   1      }
  11          
  12          void Port_Init (void)
  13          {
  14   1          // P0.0  -  Skipped,     Open-Drain, Digital
  15   1          // P0.1  -  Skipped,     Open-Drain, Digital
  16   1          // P0.2  -  Skipped,     Open-Drain, Digital
  17   1          // P0.3  -  Skipped,     Open-Drain, Digital
  18   1          // P0.4  -  Skipped,     Open-Drain, Digital
  19   1          // P0.5  -  Skipped,     Open-Drain, Digital
  20   1          // P0.6  -  CAN_TX (CAN0), Push-Pull,  Digital
  21   1          // P0.7  -  CAN_RX (CAN0), Open-Drain, Digital
  22   1      
  23   1          // P1.0  -  SCK  (SPI0), Push-Pull,  Digital
  24   1          // P1.1  -  MISO (SPI0), Open-Drain, Digital
  25   1          // P1.2  -  MOSI (SPI0), Push-Pull,  Digital
  26   1          // P1.3  -  NSS  (SPI0), Push-Pull,  Digital
  27   1          // P1.4  -  S_M_PP,      Push-Pull,  Digital
  28   1          // P1.5  -  Skipped,     Open-Drain, Digital
  29   1          // P1.6  -  FRAME_SYNC,  Open-Drain, Digital
  30   1          // P1.7  -  Skipped,     Open-Drain, Digital
  31   1      
  32   1          // P2.0  -  SDA (SMBus), Open-Drain, Digital
  33   1          // P2.1  -  SCL (SMBus), Open-Drain, Digital
  34   1          // P2.2  -  V_STB,           Open-Drain, Digital
  35   1          // P2.3  VIDEO_SIG(ADC0) Open-Drain, Analog
  36   1          // P2.4  -  ISP_RESET,   Push-Pull,  Digital
  37   1          // P2.5  -  CLK_EN,          Push-Pull,  Digital
  38   1          // P2.6  -  FRAME_SYC,   Open-Drain, Digital
  39   1          // P2.7  -  1.8V_Enable, Push-Pull,  Digital
  40   1      
  41   1          // P3.0  -  Unassigned,  Open-Drain, Digital
  42   1      
  43   1          SFRPAGE   = CONFIG_PAGE;
  44   1          P2MDIN    = 0xF7U;
  45   1          P0MDOUT   = 0x40U;
  46   1          P1MDOUT   = 0x1DU;
  47   1          P2MDOUT   = 0xB0U;
  48   1          P0SKIP    = 0x3FU;
  49   1          P1SKIP    = 0xF0U;
  50   1          XBR0      = 0x0EU;
  51   1          XBR2      = 0x40U;
  52   1          SFRPAGE   = ACTIVE_PAGE;
  53   1      }
  54          
  55          void Exinterrupt_Init(void)
C51 COMPILER V9.51   DRV_MCU                                                               12/27/2023 14:33:39 PAGE 2   

  56          {
  57   1              SFRPAGE   = CONFIG_PAGE;
  58   1              TCON      = TCON | 0x05U;               // /INT0 and /INT1 are edge triggered
  59   1              //IT01CF        = 0x60U;                // INT0 = 1.7, INT1 = 1.6 Port
  60   1              EX1             = 0x01U;                // Enable /INT1 interrupts
  61   1              SFRPAGE   = ACTIVE_PAGE;
  62   1      }


MODULE INFORMATION:   STATIC OVERLAYABLE
   CODE SIZE        =     53    ----
   CONSTANT SIZE    =   ----    ----
   XDATA SIZE       =   ----    ----
   PDATA SIZE       =   ----    ----
   DATA SIZE        =   ----    ----
   IDATA SIZE       =   ----    ----
   BIT SIZE         =   ----    ----
END OF MODULE INFORMATION.


C51 COMPILATION COMPLETE.  0 WARNING(S),  0 ERROR(S)
