C51 COMPILER V9.60.7.0   CLOCK                                                             07/13/2024 13:41:26 PAGE 1   


C51 COMPILER V9.60.7.0, COMPILATION OF MODULE CLOCK
OBJECT MODULE PLACED IN clock.OBJ
COMPILER INVOKED BY: C:\Keil\C51\BIN\C51.EXE clock.c OMF2 OPTIMIZE(8,SPEED) BROWSE INTVECTOR(0X4000) DEBUG TABS(2)

line level    source

   1          #include "clock.h"
   2          //-----------------------------------------------------------------------------
   3          // OSCILLATOR_Init
   4          //-----------------------------------------------------------------------------
   5          // 
   6          // Return Value:  None
   7          // Parameters:    None
   8          //
   9          // Configure the internal oscillator to maximum internal frequency 24M / 1
  10          //
  11          //-----------------------------------------------------------------------------
  12          void RCC_Init (void)
  13          {
  14   1         U8 SFRPAGE_save = SFRPAGE;
  15   1         SFRPAGE = CONFIG_PAGE;
  16   1      
  17   1         OSCICN = 0x87;
  18   1      
  19   1         SFRPAGE = SFRPAGE_save;
  20   1      }


MODULE INFORMATION:   STATIC OVERLAYABLE
   CODE SIZE        =     11    ----
   CONSTANT SIZE    =   ----    ----
   XDATA SIZE       =   ----    ----
   PDATA SIZE       =   ----    ----
   DATA SIZE        =   ----    ----
   IDATA SIZE       =   ----    ----
   BIT SIZE         =   ----    ----
   EDATA SIZE       =   ----    ----
   HDATA SIZE       =   ----    ----
   XDATA CONST SIZE =   ----    ----
   FAR CONST SIZE   =   ----    ----
END OF MODULE INFORMATION.


C51 COMPILATION COMPLETE.  0 WARNING(S),  0 ERROR(S)
